2019-08-09 15:32:07.959  INFO   --- [main] com.Application                          : ============SpringBoot Starting...=========
2019-08-09 15:32:08.973  INFO 18740 --- [main] s.c.a.AnnotationConfigApplicationContext : Refreshing org.springframework.context.annotation.AnnotationConfigApplicationContext@10aa41f2: startup date [Fri Aug 09 15:32:08 CST 2019]; root of context hierarchy
2019-08-09 15:32:09.389  INFO 18740 --- [main] trationDelegate$BeanPostProcessorChecker : Bean 'configurationPropertiesRebinderAutoConfiguration' of type [class org.springframework.cloud.autoconfigure.ConfigurationPropertiesRebinderAutoConfiguration$$EnhancerBySpringCGLIB$$61dff24b] is not eligible for getting processed by all BeanPostProcessors (for example: not eligible for auto-proxying)
2019-08-09 15:32:09.794  INFO 18740 --- [main] com.Application                          : The following profiles are active: local
2019-08-09 15:32:09.814  INFO 18740 --- [main] ationConfigEmbeddedWebApplicationContext : Refreshing org.springframework.boot.context.embedded.AnnotationConfigEmbeddedWebApplicationContext@6bb2d00b: startup date [Fri Aug 09 15:32:09 CST 2019]; parent: org.springframework.context.annotation.AnnotationConfigApplicationContext@10aa41f2
2019-08-09 15:32:12.493  WARN 18740 --- [main] o.m.s.mapper.ClassPathMapperScanner      : No MyBatis mapper was found in '[com.jur.**/*.mapper, com.guojiu.**/*.mapper, com.gjbigdata.**/*.mapper]' package. Please check your configuration.
2019-08-09 15:32:15.202  WARN 18740 --- [main] o.m.s.mapper.ClassPathMapperScanner      : No MyBatis mapper was found in '[com]' package. Please check your configuration.
2019-08-09 15:32:15.456  INFO 18740 --- [main] o.s.cloud.context.scope.GenericScope     : BeanFactory id=7e725c12-109d-327d-929d-2199e24fb0cb
2019-08-09 15:32:17.121  INFO 18740 --- [main] trationDelegate$BeanPostProcessorChecker : Bean 'org.springframework.boot.autoconfigure.validation.ValidationAutoConfiguration' of type [class org.springframework.boot.autoconfigure.validation.ValidationAutoConfiguration] is not eligible for getting processed by all BeanPostProcessors (for example: not eligible for auto-proxying)
2019-08-09 15:32:17.131  INFO 18740 --- [main] trationDelegate$BeanPostProcessorChecker : Bean 'validator' of type [class org.springframework.validation.beanvalidation.LocalValidatorFactoryBean] is not eligible for getting processed by all BeanPostProcessors (for example: not eligible for auto-proxying)
2019-08-09 15:32:17.151  INFO 18740 --- [main] trationDelegate$BeanPostProcessorChecker : Bean 'org.springframework.transaction.annotation.ProxyTransactionManagementConfiguration' of type [class org.springframework.transaction.annotation.ProxyTransactionManagementConfiguration$$EnhancerBySpringCGLIB$$45c5ef4e] is not eligible for getting processed by all BeanPostProcessors (for example: not eligible for auto-proxying)
2019-08-09 15:32:17.176  INFO 18740 --- [main] trationDelegate$BeanPostProcessorChecker : Bean 'org.springframework.cache.annotation.ProxyCachingConfiguration' of type [class org.springframework.cache.annotation.ProxyCachingConfiguration$$EnhancerBySpringCGLIB$$8ed8256c] is not eligible for getting processed by all BeanPostProcessors (for example: not eligible for auto-proxying)
2019-08-09 15:32:17.188  INFO 18740 --- [main] trationDelegate$BeanPostProcessorChecker : Bean 'org.springframework.boot.autoconfigure.cache.CacheAutoConfiguration' of type [class org.springframework.boot.autoconfigure.cache.CacheAutoConfiguration$$EnhancerBySpringCGLIB$$834bea10] is not eligible for getting processed by all BeanPostProcessors (for example: not eligible for auto-proxying)
2019-08-09 15:32:17.201  INFO 18740 --- [main] trationDelegate$BeanPostProcessorChecker : Bean 'spring.cache-org.springframework.boot.autoconfigure.cache.CacheProperties' of type [class org.springframework.boot.autoconfigure.cache.CacheProperties] is not eligible for getting processed by all BeanPostProcessors (for example: not eligible for auto-proxying)
2019-08-09 15:32:17.209  INFO 18740 --- [main] trationDelegate$BeanPostProcessorChecker : Bean 'cacheManagerCustomizers' of type [class org.springframework.boot.autoconfigure.cache.CacheManagerCustomizers] is not eligible for getting processed by all BeanPostProcessors (for example: not eligible for auto-proxying)
2019-08-09 15:32:17.213  INFO 18740 --- [main] trationDelegate$BeanPostProcessorChecker : Bean 'org.springframework.boot.autoconfigure.cache.GuavaCacheConfiguration' of type [class org.springframework.boot.autoconfigure.cache.GuavaCacheConfiguration$$EnhancerBySpringCGLIB$$dae922ad] is not eligible for getting processed by all BeanPostProcessors (for example: not eligible for auto-proxying)
2019-08-09 15:32:17.220  INFO 18740 --- [main] trationDelegate$BeanPostProcessorChecker : Bean 'cacheManager' of type [class org.springframework.cache.guava.GuavaCacheManager] is not eligible for getting processed by all BeanPostProcessors (for example: not eligible for auto-proxying)
2019-08-09 15:32:17.220  INFO 18740 --- [main] trationDelegate$BeanPostProcessorChecker : Bean 'cacheAutoConfigurationValidator' of type [class org.springframework.boot.autoconfigure.cache.CacheAutoConfiguration$CacheManagerValidator] is not eligible for getting processed by all BeanPostProcessors (for example: not eligible for auto-proxying)
2019-08-09 15:32:17.237  INFO 18740 --- [main] trationDelegate$BeanPostProcessorChecker : Bean 'org.springframework.cloud.autoconfigure.ConfigurationPropertiesRebinderAutoConfiguration' of type [class org.springframework.cloud.autoconfigure.ConfigurationPropertiesRebinderAutoConfiguration$$EnhancerBySpringCGLIB$$61dff24b] is not eligible for getting processed by all BeanPostProcessors (for example: not eligible for auto-proxying)
2019-08-09 15:32:17.551  INFO 18740 --- [main] s.b.c.e.t.TomcatEmbeddedServletContainer : Tomcat initialized with port(s): 8080 (http)
2019-08-09 15:32:17.572  INFO 18740 --- [main] o.apache.catalina.core.StandardService   : Starting service Tomcat
2019-08-09 15:32:17.573  INFO 18740 --- [main] org.apache.catalina.core.StandardEngine  : Starting Servlet Engine: Apache Tomcat/8.5.11
2019-08-09 15:32:17.987  INFO 18740 --- [localhost-startStop-1] org.apache.jasper.servlet.TldScanner     : At least one JAR was scanned for TLDs yet contained no TLDs. Enable debug logging for this logger for a complete list of JARs that were scanned but no TLDs were found in them. Skipping unneeded JARs during scanning can improve startup time and JSP compilation time.
2019-08-09 15:32:17.998  INFO 18740 --- [localhost-startStop-1] o.a.c.c.C.[Tomcat].[localhost].[/api]    : Initializing Spring embedded WebApplicationContext
2019-08-09 15:32:17.998  INFO 18740 --- [localhost-startStop-1] o.s.web.context.ContextLoader            : Root WebApplicationContext: initialization completed in 8184 ms
2019-08-09 15:32:18.156  INFO 18740 --- [localhost-startStop-1] o.s.b.w.servlet.ServletRegistrationBean  : Mapping servlet: 'dispatcherServlet' to [/]
2019-08-09 15:32:18.160  INFO 18740 --- [localhost-startStop-1] o.s.b.w.servlet.FilterRegistrationBean   : Mapping filter: 'errorPageFilter' to: [/*]
2019-08-09 15:32:18.161  INFO 18740 --- [localhost-startStop-1] o.s.b.w.servlet.FilterRegistrationBean   : Mapping filter: 'characterEncodingFilter' to: [/*]
2019-08-09 15:32:18.161  INFO 18740 --- [localhost-startStop-1] o.s.b.w.servlet.FilterRegistrationBean   : Mapping filter: 'hiddenHttpMethodFilter' to: [/*]
2019-08-09 15:32:18.161  INFO 18740 --- [localhost-startStop-1] o.s.b.w.servlet.FilterRegistrationBean   : Mapping filter: 'httpPutFormContentFilter' to: [/*]
2019-08-09 15:32:18.161  INFO 18740 --- [localhost-startStop-1] o.s.b.w.servlet.FilterRegistrationBean   : Mapping filter: 'requestContextFilter' to: [/*]
2019-08-09 15:32:18.556  INFO 18740 --- [main] s.w.s.m.m.a.RequestMappingHandlerAdapter : Looking for @ControllerAdvice: org.springframework.boot.context.embedded.AnnotationConfigEmbeddedWebApplicationContext@6bb2d00b: startup date [Fri Aug 09 15:32:09 CST 2019]; parent: org.springframework.context.annotation.AnnotationConfigApplicationContext@10aa41f2
2019-08-09 15:32:18.607  INFO 18740 --- [main] s.w.s.m.m.a.RequestMappingHandlerMapping : Mapped "{[/room/list],methods=[GET]}" onto public java.util.Map<java.lang.String, java.lang.Object> com.guojiu.room.RoomController.list()
2019-08-09 15:32:18.608  INFO 18740 --- [main] s.w.s.m.m.a.RequestMappingHandlerMapping : Mapped "{[/hello/say],methods=[GET]}" onto public java.lang.String com.Hello.sayHello()
2019-08-09 15:32:18.610  INFO 18740 --- [main] s.w.s.m.m.a.RequestMappingHandlerMapping : Mapped "{[/exportExcel/{key}]}" onto public void com.lxxx.common.poi.controller.PoiController.exportExcel(java.lang.String,javax.servlet.http.HttpServletRequest,javax.servlet.http.HttpServletResponse) throws java.lang.Exception
2019-08-09 15:32:18.611  INFO 18740 --- [main] s.w.s.m.m.a.RequestMappingHandlerMapping : Mapped "{[/downloadTemplate/{key}]}" onto public void com.lxxx.common.poi.controller.PoiController.downloadTemplate(java.lang.String,javax.servlet.http.HttpServletResponse) throws java.lang.Exception
2019-08-09 15:32:18.611  INFO 18740 --- [main] s.w.s.m.m.a.RequestMappingHandlerMapping : Mapped "{[/importExcel/{key}],methods=[POST]}" onto public void com.lxxx.common.poi.controller.PoiController.importExcel(java.lang.String,org.springframework.web.multipart.MultipartFile,javax.servlet.http.HttpServletRequest,javax.servlet.http.HttpServletResponse) throws java.io.IOException,java.lang.Exception
2019-08-09 15:32:18.612  INFO 18740 --- [main] s.w.s.m.m.a.RequestMappingHandlerMapping : Mapped "{[/fileDelete/{key}],methods=[POST]}" onto public com.lxxx.common.rest.BaseResponse com.lxxx.common.fileUpload.controller.FileUploadController.fileDelete(java.lang.String,java.lang.String[]) throws java.io.IOException
2019-08-09 15:32:18.612  INFO 18740 --- [main] s.w.s.m.m.a.RequestMappingHandlerMapping : Mapped "{[/fileUpload/{key}],methods=[POST]}" onto public com.lxxx.common.rest.DataResponse<java.lang.String> com.lxxx.common.fileUpload.controller.FileUploadController.fileUpload(java.lang.String,org.springframework.web.multipart.MultipartFile) throws java.io.IOException
2019-08-09 15:32:18.613  INFO 18740 --- [main] s.w.s.m.m.a.RequestMappingHandlerMapping : Mapped "{[/error]}" onto public org.springframework.http.ResponseEntity<java.util.Map<java.lang.String, java.lang.Object>> org.springframework.boot.autoconfigure.web.BasicErrorController.error(javax.servlet.http.HttpServletRequest)
2019-08-09 15:32:18.614  INFO 18740 --- [main] s.w.s.m.m.a.RequestMappingHandlerMapping : Mapped "{[/error],produces=[text/html]}" onto public org.springframework.web.servlet.ModelAndView org.springframework.boot.autoconfigure.web.BasicErrorController.errorHtml(javax.servlet.http.HttpServletRequest,javax.servlet.http.HttpServletResponse)
2019-08-09 15:32:18.636  INFO 18740 --- [main] o.s.w.s.handler.SimpleUrlHandlerMapping  : Mapped URL path [/webjars/**] onto handler of type [class org.springframework.web.servlet.resource.ResourceHttpRequestHandler]
2019-08-09 15:32:18.636  INFO 18740 --- [main] o.s.w.s.handler.SimpleUrlHandlerMapping  : Mapped URL path [/**] onto handler of type [class org.springframework.web.servlet.resource.ResourceHttpRequestHandler]
2019-08-09 15:32:18.687  INFO 18740 --- [main] o.s.w.s.handler.SimpleUrlHandlerMapping  : Mapped URL path [/**/favicon.ico] onto handler of type [class org.springframework.web.servlet.resource.ResourceHttpRequestHandler]
2019-08-09 15:32:19.164  INFO 18740 --- [main] o.s.ui.freemarker.SpringTemplateLoader   : SpringTemplateLoader for FreeMarker: using resource loader [org.springframework.boot.context.embedded.AnnotationConfigEmbeddedWebApplicationContext@6bb2d00b: startup date [Fri Aug 09 15:32:09 CST 2019]; parent: org.springframework.context.annotation.AnnotationConfigApplicationContext@10aa41f2] and template loader path [classpath:/templates/]
2019-08-09 15:32:19.165  INFO 18740 --- [main] o.s.w.s.v.f.FreeMarkerConfigurer         : ClassTemplateLoader for Spring macros added to FreeMarker configuration
2019-08-09 15:32:19.188  WARN 18740 --- [main] o.s.b.a.f.FreeMarkerAutoConfiguration    : Cannot find template location(s): [classpath:/templates/] (please add some templates, check your FreeMarker configuration, or set spring.freemarker.checkTemplateLocation=false)
2019-08-09 15:32:19.311  INFO 18740 --- [main] o.s.j.e.a.AnnotationMBeanExporter        : Registering beans for JMX exposure on startup
2019-08-09 15:32:19.312  INFO 18740 --- [main] o.s.j.e.a.AnnotationMBeanExporter        : Bean with name 'dataSource' has been autodetected for JMX exposure
2019-08-09 15:32:19.318  INFO 18740 --- [main] o.s.j.e.a.AnnotationMBeanExporter        : Bean with name 'configurationPropertiesRebinder' has been autodetected for JMX exposure
2019-08-09 15:32:19.318  INFO 18740 --- [main] o.s.j.e.a.AnnotationMBeanExporter        : Bean with name 'environmentManager' has been autodetected for JMX exposure
2019-08-09 15:32:19.318  INFO 18740 --- [main] o.s.j.e.a.AnnotationMBeanExporter        : Bean with name 'refreshScope' has been autodetected for JMX exposure
2019-08-09 15:32:19.320  INFO 18740 --- [main] o.s.j.e.a.AnnotationMBeanExporter        : Located managed bean 'environmentManager': registering with JMX server as MBean [org.springframework.cloud.context.environment:name=environmentManager,type=EnvironmentManager]
2019-08-09 15:32:19.333  INFO 18740 --- [main] o.s.j.e.a.AnnotationMBeanExporter        : Located managed bean 'refreshScope': registering with JMX server as MBean [org.springframework.cloud.context.scope.refresh:name=refreshScope,type=RefreshScope]
2019-08-09 15:32:19.340  INFO 18740 --- [main] o.s.j.e.a.AnnotationMBeanExporter        : Located managed bean 'configurationPropertiesRebinder': registering with JMX server as MBean [org.springframework.cloud.context.properties:name=configurationPropertiesRebinder,context=6bb2d00b,type=ConfigurationPropertiesRebinder]
2019-08-09 15:32:19.344  INFO 18740 --- [main] o.s.j.e.a.AnnotationMBeanExporter        : Located MBean 'dataSource': registering with JMX server as MBean [com.alibaba.druid.pool:name=dataSource,type=DruidDataSource]
2019-08-09 15:32:19.611  INFO 18740 --- [main] s.b.c.e.t.TomcatEmbeddedServletContainer : Tomcat started on port(s): 8080 (http)
2019-08-09 15:32:19.614  INFO 18740 --- [main] com.Application                          : Started Application in 11.317 seconds (JVM running for 13.866)
2019-08-09 15:32:19.614  INFO 18740 --- [main] com.Application                          : ============SpringBoot Start Success===========
2019-08-09 15:33:15.066  INFO 18740 --- [http-nio-8080-exec-2] o.a.c.c.C.[Tomcat].[localhost].[/api]    : Initializing Spring FrameworkServlet 'dispatcherServlet'
2019-08-09 15:33:15.066  INFO 18740 --- [http-nio-8080-exec-2] o.s.web.servlet.DispatcherServlet        : FrameworkServlet 'dispatcherServlet': initialization started
2019-08-09 15:33:15.086  INFO 18740 --- [http-nio-8080-exec-2] o.s.web.servlet.DispatcherServlet        : FrameworkServlet 'dispatcherServlet': initialization completed in 20 ms
