2019-07-05 15:25:09.333  INFO   --- [main] com.Application                          : ============SpringBoot Starting...=========
2019-07-05 15:25:10.427  INFO 16972 --- [main] s.c.a.AnnotationConfigApplicationContext : Refreshing org.springframework.context.annotation.AnnotationConfigApplicationContext@5fbe4146: startup date [Fri Jul 05 15:25:10 CST 2019]; root of context hierarchy
2019-07-05 15:25:10.772  INFO 16972 --- [main] trationDelegate$BeanPostProcessorChecker : Bean 'configurationPropertiesRebinderAutoConfiguration' of type [class org.springframework.cloud.autoconfigure.ConfigurationPropertiesRebinderAutoConfiguration$$EnhancerBySpringCGLIB$$4f3a88c0] is not eligible for getting processed by all BeanPostProcessors (for example: not eligible for auto-proxying)
2019-07-05 15:25:11.185  INFO 16972 --- [main] com.Application                          : The following profiles are active: local
2019-07-05 15:25:11.204  INFO 16972 --- [main] ationConfigEmbeddedWebApplicationContext : Refreshing org.springframework.boot.context.embedded.AnnotationConfigEmbeddedWebApplicationContext@5829e4f4: startup date [Fri Jul 05 15:25:11 CST 2019]; parent: org.springframework.context.annotation.AnnotationConfigApplicationContext@5fbe4146
2019-07-05 15:25:13.292  WARN 16972 --- [main] o.m.s.mapper.ClassPathMapperScanner      : No MyBatis mapper was found in '[com.jur.**/*.mapper, com.guojiu.**/*.mapper, com.gjbigdata.**/*.mapper]' package. Please check your configuration.
2019-07-05 15:25:15.705  WARN 16972 --- [main] o.m.s.mapper.ClassPathMapperScanner      : No MyBatis mapper was found in '[com]' package. Please check your configuration.
2019-07-05 15:25:15.871  INFO 16972 --- [main] o.s.cloud.context.scope.GenericScope     : BeanFactory id=2fbc68a2-a07e-3d68-950f-f6e1e4df4cf0
2019-07-05 15:25:17.096  INFO 16972 --- [main] trationDelegate$BeanPostProcessorChecker : Bean 'org.springframework.boot.autoconfigure.validation.ValidationAutoConfiguration' of type [class org.springframework.boot.autoconfigure.validation.ValidationAutoConfiguration] is not eligible for getting processed by all BeanPostProcessors (for example: not eligible for auto-proxying)
2019-07-05 15:25:17.105  INFO 16972 --- [main] trationDelegate$BeanPostProcessorChecker : Bean 'validator' of type [class org.springframework.validation.beanvalidation.LocalValidatorFactoryBean] is not eligible for getting processed by all BeanPostProcessors (for example: not eligible for auto-proxying)
2019-07-05 15:25:17.125  INFO 16972 --- [main] trationDelegate$BeanPostProcessorChecker : Bean 'org.springframework.transaction.annotation.ProxyTransactionManagementConfiguration' of type [class org.springframework.transaction.annotation.ProxyTransactionManagementConfiguration$$EnhancerBySpringCGLIB$$332085c3] is not eligible for getting processed by all BeanPostProcessors (for example: not eligible for auto-proxying)
2019-07-05 15:25:17.149  INFO 16972 --- [main] trationDelegate$BeanPostProcessorChecker : Bean 'org.springframework.cache.annotation.ProxyCachingConfiguration' of type [class org.springframework.cache.annotation.ProxyCachingConfiguration$$EnhancerBySpringCGLIB$$7c32bbe1] is not eligible for getting processed by all BeanPostProcessors (for example: not eligible for auto-proxying)
2019-07-05 15:25:17.162  INFO 16972 --- [main] trationDelegate$BeanPostProcessorChecker : Bean 'org.springframework.boot.autoconfigure.cache.CacheAutoConfiguration' of type [class org.springframework.boot.autoconfigure.cache.CacheAutoConfiguration$$EnhancerBySpringCGLIB$$70a68085] is not eligible for getting processed by all BeanPostProcessors (for example: not eligible for auto-proxying)
2019-07-05 15:25:17.176  INFO 16972 --- [main] trationDelegate$BeanPostProcessorChecker : Bean 'spring.cache-org.springframework.boot.autoconfigure.cache.CacheProperties' of type [class org.springframework.boot.autoconfigure.cache.CacheProperties] is not eligible for getting processed by all BeanPostProcessors (for example: not eligible for auto-proxying)
2019-07-05 15:25:17.181  INFO 16972 --- [main] trationDelegate$BeanPostProcessorChecker : Bean 'cacheManagerCustomizers' of type [class org.springframework.boot.autoconfigure.cache.CacheManagerCustomizers] is not eligible for getting processed by all BeanPostProcessors (for example: not eligible for auto-proxying)
2019-07-05 15:25:17.184  INFO 16972 --- [main] trationDelegate$BeanPostProcessorChecker : Bean 'org.springframework.boot.autoconfigure.cache.SimpleCacheConfiguration' of type [class org.springframework.boot.autoconfigure.cache.SimpleCacheConfiguration$$EnhancerBySpringCGLIB$$1241f366] is not eligible for getting processed by all BeanPostProcessors (for example: not eligible for auto-proxying)
2019-07-05 15:25:17.190  INFO 16972 --- [main] trationDelegate$BeanPostProcessorChecker : Bean 'cacheManager' of type [class org.springframework.cache.concurrent.ConcurrentMapCacheManager] is not eligible for getting processed by all BeanPostProcessors (for example: not eligible for auto-proxying)
2019-07-05 15:25:17.191  INFO 16972 --- [main] trationDelegate$BeanPostProcessorChecker : Bean 'cacheAutoConfigurationValidator' of type [class org.springframework.boot.autoconfigure.cache.CacheAutoConfiguration$CacheManagerValidator] is not eligible for getting processed by all BeanPostProcessors (for example: not eligible for auto-proxying)
2019-07-05 15:25:17.208  INFO 16972 --- [main] trationDelegate$BeanPostProcessorChecker : Bean 'org.springframework.cloud.autoconfigure.ConfigurationPropertiesRebinderAutoConfiguration' of type [class org.springframework.cloud.autoconfigure.ConfigurationPropertiesRebinderAutoConfiguration$$EnhancerBySpringCGLIB$$4f3a88c0] is not eligible for getting processed by all BeanPostProcessors (for example: not eligible for auto-proxying)
2019-07-05 15:25:17.532  INFO 16972 --- [main] s.b.c.e.t.TomcatEmbeddedServletContainer : Tomcat initialized with port(s): 8080 (http)
2019-07-05 15:25:17.546  INFO 16972 --- [main] o.apache.catalina.core.StandardService   : Starting service Tomcat
2019-07-05 15:25:17.547  INFO 16972 --- [main] org.apache.catalina.core.StandardEngine  : Starting Servlet Engine: Apache Tomcat/8.5.11
2019-07-05 15:25:17.896  INFO 16972 --- [localhost-startStop-1] org.apache.jasper.servlet.TldScanner     : At least one JAR was scanned for TLDs yet contained no TLDs. Enable debug logging for this logger for a complete list of JARs that were scanned but no TLDs were found in them. Skipping unneeded JARs during scanning can improve startup time and JSP compilation time.
2019-07-05 15:25:17.905  INFO 16972 --- [localhost-startStop-1] o.a.c.c.C.[Tomcat].[localhost].[/api]    : Initializing Spring embedded WebApplicationContext
2019-07-05 15:25:17.905  INFO 16972 --- [localhost-startStop-1] o.s.web.context.ContextLoader            : Root WebApplicationContext: initialization completed in 6702 ms
2019-07-05 15:25:18.060  INFO 16972 --- [localhost-startStop-1] o.s.b.w.servlet.ServletRegistrationBean  : Mapping servlet: 'dispatcherServlet' to [/]
2019-07-05 15:25:18.066  INFO 16972 --- [localhost-startStop-1] o.s.b.w.servlet.FilterRegistrationBean   : Mapping filter: 'errorPageFilter' to: [/*]
2019-07-05 15:25:18.067  INFO 16972 --- [localhost-startStop-1] o.s.b.w.servlet.FilterRegistrationBean   : Mapping filter: 'characterEncodingFilter' to: [/*]
2019-07-05 15:25:18.067  INFO 16972 --- [localhost-startStop-1] o.s.b.w.servlet.FilterRegistrationBean   : Mapping filter: 'hiddenHttpMethodFilter' to: [/*]
2019-07-05 15:25:18.067  INFO 16972 --- [localhost-startStop-1] o.s.b.w.servlet.FilterRegistrationBean   : Mapping filter: 'httpPutFormContentFilter' to: [/*]
2019-07-05 15:25:18.067  INFO 16972 --- [localhost-startStop-1] o.s.b.w.servlet.FilterRegistrationBean   : Mapping filter: 'requestContextFilter' to: [/*]
2019-07-05 15:25:18.363  INFO 16972 --- [main] s.w.s.m.m.a.RequestMappingHandlerAdapter : Looking for @ControllerAdvice: org.springframework.boot.context.embedded.AnnotationConfigEmbeddedWebApplicationContext@5829e4f4: startup date [Fri Jul 05 15:25:11 CST 2019]; parent: org.springframework.context.annotation.AnnotationConfigApplicationContext@5fbe4146
2019-07-05 15:25:18.411  INFO 16972 --- [main] s.w.s.m.m.a.RequestMappingHandlerMapping : Mapped "{[/room/list],methods=[GET]}" onto public java.util.Map<java.lang.String, java.lang.Object> com.guojiu.RoomController.list()
2019-07-05 15:25:18.412  INFO 16972 --- [main] s.w.s.m.m.a.RequestMappingHandlerMapping : Mapped "{[/hello/say],methods=[GET]}" onto public java.lang.String com.Hello.sayHello()
2019-07-05 15:25:18.414  INFO 16972 --- [main] s.w.s.m.m.a.RequestMappingHandlerMapping : Mapped "{[/error]}" onto public org.springframework.http.ResponseEntity<java.util.Map<java.lang.String, java.lang.Object>> org.springframework.boot.autoconfigure.web.BasicErrorController.error(javax.servlet.http.HttpServletRequest)
2019-07-05 15:25:18.414  INFO 16972 --- [main] s.w.s.m.m.a.RequestMappingHandlerMapping : Mapped "{[/error],produces=[text/html]}" onto public org.springframework.web.servlet.ModelAndView org.springframework.boot.autoconfigure.web.BasicErrorController.errorHtml(javax.servlet.http.HttpServletRequest,javax.servlet.http.HttpServletResponse)
2019-07-05 15:25:18.437  INFO 16972 --- [main] o.s.w.s.handler.SimpleUrlHandlerMapping  : Mapped URL path [/webjars/**] onto handler of type [class org.springframework.web.servlet.resource.ResourceHttpRequestHandler]
2019-07-05 15:25:18.437  INFO 16972 --- [main] o.s.w.s.handler.SimpleUrlHandlerMapping  : Mapped URL path [/**] onto handler of type [class org.springframework.web.servlet.resource.ResourceHttpRequestHandler]
2019-07-05 15:25:18.469  INFO 16972 --- [main] o.s.w.s.handler.SimpleUrlHandlerMapping  : Mapped URL path [/**/favicon.ico] onto handler of type [class org.springframework.web.servlet.resource.ResourceHttpRequestHandler]
2019-07-05 15:25:19.127  INFO 16972 --- [main] o.s.ui.freemarker.SpringTemplateLoader   : SpringTemplateLoader for FreeMarker: using resource loader [org.springframework.boot.context.embedded.AnnotationConfigEmbeddedWebApplicationContext@5829e4f4: startup date [Fri Jul 05 15:25:11 CST 2019]; parent: org.springframework.context.annotation.AnnotationConfigApplicationContext@5fbe4146] and template loader path [classpath:/templates/]
2019-07-05 15:25:19.129  INFO 16972 --- [main] o.s.w.s.v.f.FreeMarkerConfigurer         : ClassTemplateLoader for Spring macros added to FreeMarker configuration
2019-07-05 15:25:19.153  WARN 16972 --- [main] o.s.b.a.f.FreeMarkerAutoConfiguration    : Cannot find template location(s): [classpath:/templates/] (please add some templates, check your FreeMarker configuration, or set spring.freemarker.checkTemplateLocation=false)
2019-07-05 15:25:19.317  INFO 16972 --- [main] o.s.j.e.a.AnnotationMBeanExporter        : Registering beans for JMX exposure on startup
2019-07-05 15:25:19.318  INFO 16972 --- [main] o.s.j.e.a.AnnotationMBeanExporter        : Bean with name 'dataSource' has been autodetected for JMX exposure
2019-07-05 15:25:19.323  INFO 16972 --- [main] o.s.j.e.a.AnnotationMBeanExporter        : Bean with name 'configurationPropertiesRebinder' has been autodetected for JMX exposure
2019-07-05 15:25:19.323  INFO 16972 --- [main] o.s.j.e.a.AnnotationMBeanExporter        : Bean with name 'environmentManager' has been autodetected for JMX exposure
2019-07-05 15:25:19.324  INFO 16972 --- [main] o.s.j.e.a.AnnotationMBeanExporter        : Bean with name 'refreshScope' has been autodetected for JMX exposure
2019-07-05 15:25:19.325  INFO 16972 --- [main] o.s.j.e.a.AnnotationMBeanExporter        : Located managed bean 'environmentManager': registering with JMX server as MBean [org.springframework.cloud.context.environment:name=environmentManager,type=EnvironmentManager]
2019-07-05 15:25:19.341  INFO 16972 --- [main] o.s.j.e.a.AnnotationMBeanExporter        : Located managed bean 'refreshScope': registering with JMX server as MBean [org.springframework.cloud.context.scope.refresh:name=refreshScope,type=RefreshScope]
2019-07-05 15:25:19.351  INFO 16972 --- [main] o.s.j.e.a.AnnotationMBeanExporter        : Located managed bean 'configurationPropertiesRebinder': registering with JMX server as MBean [org.springframework.cloud.context.properties:name=configurationPropertiesRebinder,context=5829e4f4,type=ConfigurationPropertiesRebinder]
2019-07-05 15:25:19.356  INFO 16972 --- [main] o.s.j.e.a.AnnotationMBeanExporter        : Located MBean 'dataSource': registering with JMX server as MBean [com.alibaba.druid.pool:name=dataSource,type=DruidDataSource]
2019-07-05 15:25:19.657  INFO 16972 --- [main] s.b.c.e.t.TomcatEmbeddedServletContainer : Tomcat started on port(s): 8080 (http)
2019-07-05 15:25:19.660  INFO 16972 --- [main] com.Application                          : Started Application in 9.94 seconds (JVM running for 12.802)
2019-07-05 15:25:19.660  INFO 16972 --- [main] com.Application                          : ============SpringBoot Start Success===========
2019-07-05 15:25:52.734  INFO 16972 --- [http-nio-8080-exec-2] o.a.c.c.C.[Tomcat].[localhost].[/api]    : Initializing Spring FrameworkServlet 'dispatcherServlet'
2019-07-05 15:25:52.738  INFO 16972 --- [http-nio-8080-exec-2] o.s.web.servlet.DispatcherServlet        : FrameworkServlet 'dispatcherServlet': initialization started
2019-07-05 15:25:52.762  INFO 16972 --- [http-nio-8080-exec-2] o.s.web.servlet.DispatcherServlet        : FrameworkServlet 'dispatcherServlet': initialization completed in 24 ms
2019-07-05 16:48:11.485  INFO   --- [main] com.Application                          : ============SpringBoot Starting...=========
2019-07-05 16:48:12.003  INFO 18528 --- [main] s.c.a.AnnotationConfigApplicationContext : Refreshing org.springframework.context.annotation.AnnotationConfigApplicationContext@10aa41f2: startup date [Fri Jul 05 16:48:12 CST 2019]; root of context hierarchy
2019-07-05 16:48:12.231  INFO 18528 --- [main] trationDelegate$BeanPostProcessorChecker : Bean 'configurationPropertiesRebinderAutoConfiguration' of type [class org.springframework.cloud.autoconfigure.ConfigurationPropertiesRebinderAutoConfiguration$$EnhancerBySpringCGLIB$$61dff24b] is not eligible for getting processed by all BeanPostProcessors (for example: not eligible for auto-proxying)
2019-07-05 16:48:12.508  INFO 18528 --- [main] com.Application                          : The following profiles are active: local
2019-07-05 16:48:12.524  INFO 18528 --- [main] ationConfigEmbeddedWebApplicationContext : Refreshing org.springframework.boot.context.embedded.AnnotationConfigEmbeddedWebApplicationContext@6bb2d00b: startup date [Fri Jul 05 16:48:12 CST 2019]; parent: org.springframework.context.annotation.AnnotationConfigApplicationContext@10aa41f2
2019-07-05 16:48:14.629  WARN 18528 --- [main] o.m.s.mapper.ClassPathMapperScanner      : No MyBatis mapper was found in '[com.jur.**/*.mapper, com.guojiu.**/*.mapper, com.gjbigdata.**/*.mapper]' package. Please check your configuration.
2019-07-05 16:48:17.042  WARN 18528 --- [main] o.m.s.mapper.ClassPathMapperScanner      : No MyBatis mapper was found in '[com]' package. Please check your configuration.
2019-07-05 16:48:17.153  INFO 18528 --- [main] o.s.cloud.context.scope.GenericScope     : BeanFactory id=7e725c12-109d-327d-929d-2199e24fb0cb
2019-07-05 16:48:18.721  INFO 18528 --- [main] trationDelegate$BeanPostProcessorChecker : Bean 'org.springframework.boot.autoconfigure.validation.ValidationAutoConfiguration' of type [class org.springframework.boot.autoconfigure.validation.ValidationAutoConfiguration] is not eligible for getting processed by all BeanPostProcessors (for example: not eligible for auto-proxying)
2019-07-05 16:48:18.730  INFO 18528 --- [main] trationDelegate$BeanPostProcessorChecker : Bean 'validator' of type [class org.springframework.validation.beanvalidation.LocalValidatorFactoryBean] is not eligible for getting processed by all BeanPostProcessors (for example: not eligible for auto-proxying)
2019-07-05 16:48:18.750  INFO 18528 --- [main] trationDelegate$BeanPostProcessorChecker : Bean 'org.springframework.transaction.annotation.ProxyTransactionManagementConfiguration' of type [class org.springframework.transaction.annotation.ProxyTransactionManagementConfiguration$$EnhancerBySpringCGLIB$$45c5ef4e] is not eligible for getting processed by all BeanPostProcessors (for example: not eligible for auto-proxying)
2019-07-05 16:48:18.774  INFO 18528 --- [main] trationDelegate$BeanPostProcessorChecker : Bean 'org.springframework.cache.annotation.ProxyCachingConfiguration' of type [class org.springframework.cache.annotation.ProxyCachingConfiguration$$EnhancerBySpringCGLIB$$8ed8256c] is not eligible for getting processed by all BeanPostProcessors (for example: not eligible for auto-proxying)
2019-07-05 16:48:18.785  INFO 18528 --- [main] trationDelegate$BeanPostProcessorChecker : Bean 'org.springframework.boot.autoconfigure.cache.CacheAutoConfiguration' of type [class org.springframework.boot.autoconfigure.cache.CacheAutoConfiguration$$EnhancerBySpringCGLIB$$834bea10] is not eligible for getting processed by all BeanPostProcessors (for example: not eligible for auto-proxying)
2019-07-05 16:48:18.800  INFO 18528 --- [main] trationDelegate$BeanPostProcessorChecker : Bean 'spring.cache-org.springframework.boot.autoconfigure.cache.CacheProperties' of type [class org.springframework.boot.autoconfigure.cache.CacheProperties] is not eligible for getting processed by all BeanPostProcessors (for example: not eligible for auto-proxying)
2019-07-05 16:48:18.806  INFO 18528 --- [main] trationDelegate$BeanPostProcessorChecker : Bean 'cacheManagerCustomizers' of type [class org.springframework.boot.autoconfigure.cache.CacheManagerCustomizers] is not eligible for getting processed by all BeanPostProcessors (for example: not eligible for auto-proxying)
2019-07-05 16:48:18.810  INFO 18528 --- [main] trationDelegate$BeanPostProcessorChecker : Bean 'org.springframework.boot.autoconfigure.cache.GuavaCacheConfiguration' of type [class org.springframework.boot.autoconfigure.cache.GuavaCacheConfiguration$$EnhancerBySpringCGLIB$$dae922ad] is not eligible for getting processed by all BeanPostProcessors (for example: not eligible for auto-proxying)
2019-07-05 16:48:18.817  INFO 18528 --- [main] trationDelegate$BeanPostProcessorChecker : Bean 'cacheManager' of type [class org.springframework.cache.guava.GuavaCacheManager] is not eligible for getting processed by all BeanPostProcessors (for example: not eligible for auto-proxying)
2019-07-05 16:48:18.817  INFO 18528 --- [main] trationDelegate$BeanPostProcessorChecker : Bean 'cacheAutoConfigurationValidator' of type [class org.springframework.boot.autoconfigure.cache.CacheAutoConfiguration$CacheManagerValidator] is not eligible for getting processed by all BeanPostProcessors (for example: not eligible for auto-proxying)
2019-07-05 16:48:18.836  INFO 18528 --- [main] trationDelegate$BeanPostProcessorChecker : Bean 'org.springframework.cloud.autoconfigure.ConfigurationPropertiesRebinderAutoConfiguration' of type [class org.springframework.cloud.autoconfigure.ConfigurationPropertiesRebinderAutoConfiguration$$EnhancerBySpringCGLIB$$61dff24b] is not eligible for getting processed by all BeanPostProcessors (for example: not eligible for auto-proxying)
2019-07-05 16:48:19.016  INFO 18528 --- [main] s.b.c.e.t.TomcatEmbeddedServletContainer : Tomcat initialized with port(s): 8080 (http)
2019-07-05 16:48:19.025  INFO 18528 --- [main] o.apache.catalina.core.StandardService   : Starting service Tomcat
2019-07-05 16:48:19.026  INFO 18528 --- [main] org.apache.catalina.core.StandardEngine  : Starting Servlet Engine: Apache Tomcat/8.5.11
2019-07-05 16:48:19.365  INFO 18528 --- [localhost-startStop-1] org.apache.jasper.servlet.TldScanner     : At least one JAR was scanned for TLDs yet contained no TLDs. Enable debug logging for this logger for a complete list of JARs that were scanned but no TLDs were found in them. Skipping unneeded JARs during scanning can improve startup time and JSP compilation time.
2019-07-05 16:48:19.368  INFO 18528 --- [localhost-startStop-1] o.a.c.c.C.[Tomcat].[localhost].[/api]    : Initializing Spring embedded WebApplicationContext
2019-07-05 16:48:19.368  INFO 18528 --- [localhost-startStop-1] o.s.web.context.ContextLoader            : Root WebApplicationContext: initialization completed in 6844 ms
2019-07-05 16:48:19.520  INFO 18528 --- [localhost-startStop-1] o.s.b.w.servlet.ServletRegistrationBean  : Mapping servlet: 'dispatcherServlet' to [/]
2019-07-05 16:48:19.523  INFO 18528 --- [localhost-startStop-1] o.s.b.w.servlet.FilterRegistrationBean   : Mapping filter: 'errorPageFilter' to: [/*]
2019-07-05 16:48:19.523  INFO 18528 --- [localhost-startStop-1] o.s.b.w.servlet.FilterRegistrationBean   : Mapping filter: 'characterEncodingFilter' to: [/*]
2019-07-05 16:48:19.524  INFO 18528 --- [localhost-startStop-1] o.s.b.w.servlet.FilterRegistrationBean   : Mapping filter: 'hiddenHttpMethodFilter' to: [/*]
2019-07-05 16:48:19.524  INFO 18528 --- [localhost-startStop-1] o.s.b.w.servlet.FilterRegistrationBean   : Mapping filter: 'httpPutFormContentFilter' to: [/*]
2019-07-05 16:48:19.524  INFO 18528 --- [localhost-startStop-1] o.s.b.w.servlet.FilterRegistrationBean   : Mapping filter: 'requestContextFilter' to: [/*]
2019-07-05 16:48:19.789  INFO 18528 --- [main] s.w.s.m.m.a.RequestMappingHandlerAdapter : Looking for @ControllerAdvice: org.springframework.boot.context.embedded.AnnotationConfigEmbeddedWebApplicationContext@6bb2d00b: startup date [Fri Jul 05 16:48:12 CST 2019]; parent: org.springframework.context.annotation.AnnotationConfigApplicationContext@10aa41f2
2019-07-05 16:48:19.834  INFO 18528 --- [main] s.w.s.m.m.a.RequestMappingHandlerMapping : Mapped "{[/room/list],methods=[GET]}" onto public java.util.Map<java.lang.String, java.lang.Object> com.guojiu.RoomController.list()
2019-07-05 16:48:19.835  INFO 18528 --- [main] s.w.s.m.m.a.RequestMappingHandlerMapping : Mapped "{[/hello/say],methods=[GET]}" onto public java.lang.String com.Hello.sayHello()
2019-07-05 16:48:19.838  INFO 18528 --- [main] s.w.s.m.m.a.RequestMappingHandlerMapping : Mapped "{[/downloadTemplate/{key}]}" onto public void com.lxxx.common.poi.controller.PoiController.downloadTemplate(java.lang.String,javax.servlet.http.HttpServletResponse) throws java.lang.Exception
2019-07-05 16:48:19.838  INFO 18528 --- [main] s.w.s.m.m.a.RequestMappingHandlerMapping : Mapped "{[/exportExcel/{key}]}" onto public void com.lxxx.common.poi.controller.PoiController.exportExcel(java.lang.String,javax.servlet.http.HttpServletRequest,javax.servlet.http.HttpServletResponse) throws java.lang.Exception
2019-07-05 16:48:19.838  INFO 18528 --- [main] s.w.s.m.m.a.RequestMappingHandlerMapping : Mapped "{[/importExcel/{key}],methods=[POST]}" onto public void com.lxxx.common.poi.controller.PoiController.importExcel(java.lang.String,org.springframework.web.multipart.MultipartFile,javax.servlet.http.HttpServletRequest,javax.servlet.http.HttpServletResponse) throws java.io.IOException,java.lang.Exception
2019-07-05 16:48:19.839  INFO 18528 --- [main] s.w.s.m.m.a.RequestMappingHandlerMapping : Mapped "{[/fileDelete/{key}],methods=[POST]}" onto public com.lxxx.common.rest.BaseResponse com.lxxx.common.fileUpload.controller.FileUploadController.fileDelete(java.lang.String,java.lang.String[]) throws java.io.IOException
2019-07-05 16:48:19.839  INFO 18528 --- [main] s.w.s.m.m.a.RequestMappingHandlerMapping : Mapped "{[/fileUpload/{key}],methods=[POST]}" onto public com.lxxx.common.rest.DataResponse<java.lang.String> com.lxxx.common.fileUpload.controller.FileUploadController.fileUpload(java.lang.String,org.springframework.web.multipart.MultipartFile) throws java.io.IOException
2019-07-05 16:48:19.840  INFO 18528 --- [main] s.w.s.m.m.a.RequestMappingHandlerMapping : Mapped "{[/error]}" onto public org.springframework.http.ResponseEntity<java.util.Map<java.lang.String, java.lang.Object>> org.springframework.boot.autoconfigure.web.BasicErrorController.error(javax.servlet.http.HttpServletRequest)
2019-07-05 16:48:19.841  INFO 18528 --- [main] s.w.s.m.m.a.RequestMappingHandlerMapping : Mapped "{[/error],produces=[text/html]}" onto public org.springframework.web.servlet.ModelAndView org.springframework.boot.autoconfigure.web.BasicErrorController.errorHtml(javax.servlet.http.HttpServletRequest,javax.servlet.http.HttpServletResponse)
2019-07-05 16:48:19.863  INFO 18528 --- [main] o.s.w.s.handler.SimpleUrlHandlerMapping  : Mapped URL path [/webjars/**] onto handler of type [class org.springframework.web.servlet.resource.ResourceHttpRequestHandler]
2019-07-05 16:48:19.864  INFO 18528 --- [main] o.s.w.s.handler.SimpleUrlHandlerMapping  : Mapped URL path [/**] onto handler of type [class org.springframework.web.servlet.resource.ResourceHttpRequestHandler]
2019-07-05 16:48:19.894  INFO 18528 --- [main] o.s.w.s.handler.SimpleUrlHandlerMapping  : Mapped URL path [/**/favicon.ico] onto handler of type [class org.springframework.web.servlet.resource.ResourceHttpRequestHandler]
2019-07-05 16:48:20.242  INFO 18528 --- [main] o.s.ui.freemarker.SpringTemplateLoader   : SpringTemplateLoader for FreeMarker: using resource loader [org.springframework.boot.context.embedded.AnnotationConfigEmbeddedWebApplicationContext@6bb2d00b: startup date [Fri Jul 05 16:48:12 CST 2019]; parent: org.springframework.context.annotation.AnnotationConfigApplicationContext@10aa41f2] and template loader path [classpath:/templates/]
2019-07-05 16:48:20.243  INFO 18528 --- [main] o.s.w.s.v.f.FreeMarkerConfigurer         : ClassTemplateLoader for Spring macros added to FreeMarker configuration
2019-07-05 16:48:20.263  WARN 18528 --- [main] o.s.b.a.f.FreeMarkerAutoConfiguration    : Cannot find template location(s): [classpath:/templates/] (please add some templates, check your FreeMarker configuration, or set spring.freemarker.checkTemplateLocation=false)
2019-07-05 16:48:20.359  INFO 18528 --- [main] o.s.j.e.a.AnnotationMBeanExporter        : Registering beans for JMX exposure on startup
2019-07-05 16:48:20.360  INFO 18528 --- [main] o.s.j.e.a.AnnotationMBeanExporter        : Bean with name 'dataSource' has been autodetected for JMX exposure
2019-07-05 16:48:20.366  INFO 18528 --- [main] o.s.j.e.a.AnnotationMBeanExporter        : Bean with name 'configurationPropertiesRebinder' has been autodetected for JMX exposure
2019-07-05 16:48:20.367  INFO 18528 --- [main] o.s.j.e.a.AnnotationMBeanExporter        : Bean with name 'environmentManager' has been autodetected for JMX exposure
2019-07-05 16:48:20.367  INFO 18528 --- [main] o.s.j.e.a.AnnotationMBeanExporter        : Bean with name 'refreshScope' has been autodetected for JMX exposure
2019-07-05 16:48:20.369  INFO 18528 --- [main] o.s.j.e.a.AnnotationMBeanExporter        : Located managed bean 'environmentManager': registering with JMX server as MBean [org.springframework.cloud.context.environment:name=environmentManager,type=EnvironmentManager]
2019-07-05 16:48:20.378  INFO 18528 --- [main] o.s.j.e.a.AnnotationMBeanExporter        : Located managed bean 'refreshScope': registering with JMX server as MBean [org.springframework.cloud.context.scope.refresh:name=refreshScope,type=RefreshScope]
2019-07-05 16:48:20.386  INFO 18528 --- [main] o.s.j.e.a.AnnotationMBeanExporter        : Located managed bean 'configurationPropertiesRebinder': registering with JMX server as MBean [org.springframework.cloud.context.properties:name=configurationPropertiesRebinder,context=6bb2d00b,type=ConfigurationPropertiesRebinder]
2019-07-05 16:48:20.391  INFO 18528 --- [main] o.s.j.e.a.AnnotationMBeanExporter        : Located MBean 'dataSource': registering with JMX server as MBean [com.alibaba.druid.pool:name=dataSource,type=DruidDataSource]
2019-07-05 16:48:20.613  INFO 18528 --- [main] s.b.c.e.t.TomcatEmbeddedServletContainer : Tomcat started on port(s): 8080 (http)
2019-07-05 16:48:20.615  INFO 18528 --- [main] com.Application                          : Started Application in 9.045 seconds (JVM running for 10.428)
2019-07-05 16:48:20.616  INFO 18528 --- [main] com.Application                          : ============SpringBoot Start Success===========
2019-07-05 16:49:04.188  INFO 18528 --- [http-nio-8080-exec-1] o.a.c.c.C.[Tomcat].[localhost].[/api]    : Initializing Spring FrameworkServlet 'dispatcherServlet'
2019-07-05 16:49:04.188  INFO 18528 --- [http-nio-8080-exec-1] o.s.web.servlet.DispatcherServlet        : FrameworkServlet 'dispatcherServlet': initialization started
2019-07-05 16:49:04.210  INFO 18528 --- [http-nio-8080-exec-1] o.s.web.servlet.DispatcherServlet        : FrameworkServlet 'dispatcherServlet': initialization completed in 21 ms
2019-07-05 16:53:17.102  INFO   --- [main] com.Application                          : ============SpringBoot Starting...=========
2019-07-05 16:53:17.641  INFO 11756 --- [main] s.c.a.AnnotationConfigApplicationContext : Refreshing org.springframework.context.annotation.AnnotationConfigApplicationContext@6ab778a: startup date [Fri Jul 05 16:53:17 CST 2019]; root of context hierarchy
2019-07-05 16:53:17.872  INFO 11756 --- [main] trationDelegate$BeanPostProcessorChecker : Bean 'configurationPropertiesRebinderAutoConfiguration' of type [class org.springframework.cloud.autoconfigure.ConfigurationPropertiesRebinderAutoConfiguration$$EnhancerBySpringCGLIB$$4297b092] is not eligible for getting processed by all BeanPostProcessors (for example: not eligible for auto-proxying)
2019-07-05 16:53:18.131  INFO 11756 --- [main] com.Application                          : The following profiles are active: local
2019-07-05 16:53:18.147  INFO 11756 --- [main] ationConfigEmbeddedWebApplicationContext : Refreshing org.springframework.boot.context.embedded.AnnotationConfigEmbeddedWebApplicationContext@3bd418e4: startup date [Fri Jul 05 16:53:18 CST 2019]; parent: org.springframework.context.annotation.AnnotationConfigApplicationContext@6ab778a
2019-07-05 16:53:20.078  WARN 11756 --- [main] o.m.s.mapper.ClassPathMapperScanner      : No MyBatis mapper was found in '[com.jur.**/*.mapper, com.guojiu.**/*.mapper, com.gjbigdata.**/*.mapper]' package. Please check your configuration.
2019-07-05 16:53:22.383  WARN 11756 --- [main] o.m.s.mapper.ClassPathMapperScanner      : No MyBatis mapper was found in '[com]' package. Please check your configuration.
2019-07-05 16:53:22.487  INFO 11756 --- [main] o.s.cloud.context.scope.GenericScope     : BeanFactory id=7e725c12-109d-327d-929d-2199e24fb0cb
2019-07-05 16:53:24.015  INFO 11756 --- [main] trationDelegate$BeanPostProcessorChecker : Bean 'org.springframework.boot.autoconfigure.validation.ValidationAutoConfiguration' of type [class org.springframework.boot.autoconfigure.validation.ValidationAutoConfiguration] is not eligible for getting processed by all BeanPostProcessors (for example: not eligible for auto-proxying)
2019-07-05 16:53:24.025  INFO 11756 --- [main] trationDelegate$BeanPostProcessorChecker : Bean 'validator' of type [class org.springframework.validation.beanvalidation.LocalValidatorFactoryBean] is not eligible for getting processed by all BeanPostProcessors (for example: not eligible for auto-proxying)
2019-07-05 16:53:24.044  INFO 11756 --- [main] trationDelegate$BeanPostProcessorChecker : Bean 'org.springframework.transaction.annotation.ProxyTransactionManagementConfiguration' of type [class org.springframework.transaction.annotation.ProxyTransactionManagementConfiguration$$EnhancerBySpringCGLIB$$267dad95] is not eligible for getting processed by all BeanPostProcessors (for example: not eligible for auto-proxying)
2019-07-05 16:53:24.066  INFO 11756 --- [main] trationDelegate$BeanPostProcessorChecker : Bean 'org.springframework.cache.annotation.ProxyCachingConfiguration' of type [class org.springframework.cache.annotation.ProxyCachingConfiguration$$EnhancerBySpringCGLIB$$6f8fe3b3] is not eligible for getting processed by all BeanPostProcessors (for example: not eligible for auto-proxying)
2019-07-05 16:53:24.078  INFO 11756 --- [main] trationDelegate$BeanPostProcessorChecker : Bean 'org.springframework.boot.autoconfigure.cache.CacheAutoConfiguration' of type [class org.springframework.boot.autoconfigure.cache.CacheAutoConfiguration$$EnhancerBySpringCGLIB$$6403a857] is not eligible for getting processed by all BeanPostProcessors (for example: not eligible for auto-proxying)
2019-07-05 16:53:24.092  INFO 11756 --- [main] trationDelegate$BeanPostProcessorChecker : Bean 'spring.cache-org.springframework.boot.autoconfigure.cache.CacheProperties' of type [class org.springframework.boot.autoconfigure.cache.CacheProperties] is not eligible for getting processed by all BeanPostProcessors (for example: not eligible for auto-proxying)
2019-07-05 16:53:24.098  INFO 11756 --- [main] trationDelegate$BeanPostProcessorChecker : Bean 'cacheManagerCustomizers' of type [class org.springframework.boot.autoconfigure.cache.CacheManagerCustomizers] is not eligible for getting processed by all BeanPostProcessors (for example: not eligible for auto-proxying)
2019-07-05 16:53:24.102  INFO 11756 --- [main] trationDelegate$BeanPostProcessorChecker : Bean 'org.springframework.boot.autoconfigure.cache.GuavaCacheConfiguration' of type [class org.springframework.boot.autoconfigure.cache.GuavaCacheConfiguration$$EnhancerBySpringCGLIB$$bba0e0f4] is not eligible for getting processed by all BeanPostProcessors (for example: not eligible for auto-proxying)
2019-07-05 16:53:24.110  INFO 11756 --- [main] trationDelegate$BeanPostProcessorChecker : Bean 'cacheManager' of type [class org.springframework.cache.guava.GuavaCacheManager] is not eligible for getting processed by all BeanPostProcessors (for example: not eligible for auto-proxying)
2019-07-05 16:53:24.110  INFO 11756 --- [main] trationDelegate$BeanPostProcessorChecker : Bean 'cacheAutoConfigurationValidator' of type [class org.springframework.boot.autoconfigure.cache.CacheAutoConfiguration$CacheManagerValidator] is not eligible for getting processed by all BeanPostProcessors (for example: not eligible for auto-proxying)
2019-07-05 16:53:24.125  INFO 11756 --- [main] trationDelegate$BeanPostProcessorChecker : Bean 'org.springframework.cloud.autoconfigure.ConfigurationPropertiesRebinderAutoConfiguration' of type [class org.springframework.cloud.autoconfigure.ConfigurationPropertiesRebinderAutoConfiguration$$EnhancerBySpringCGLIB$$4297b092] is not eligible for getting processed by all BeanPostProcessors (for example: not eligible for auto-proxying)
2019-07-05 16:53:24.304  INFO 11756 --- [main] s.b.c.e.t.TomcatEmbeddedServletContainer : Tomcat initialized with port(s): 8080 (http)
2019-07-05 16:53:24.313  INFO 11756 --- [main] o.apache.catalina.core.StandardService   : Starting service Tomcat
2019-07-05 16:53:24.314  INFO 11756 --- [main] org.apache.catalina.core.StandardEngine  : Starting Servlet Engine: Apache Tomcat/8.5.11
2019-07-05 16:53:24.596  INFO 11756 --- [localhost-startStop-1] org.apache.jasper.servlet.TldScanner     : At least one JAR was scanned for TLDs yet contained no TLDs. Enable debug logging for this logger for a complete list of JARs that were scanned but no TLDs were found in them. Skipping unneeded JARs during scanning can improve startup time and JSP compilation time.
2019-07-05 16:53:24.599  INFO 11756 --- [localhost-startStop-1] o.a.c.c.C.[Tomcat].[localhost].[/api]    : Initializing Spring embedded WebApplicationContext
2019-07-05 16:53:24.599  INFO 11756 --- [localhost-startStop-1] o.s.web.context.ContextLoader            : Root WebApplicationContext: initialization completed in 6452 ms
2019-07-05 16:53:24.742  INFO 11756 --- [localhost-startStop-1] o.s.b.w.servlet.ServletRegistrationBean  : Mapping servlet: 'dispatcherServlet' to [/]
2019-07-05 16:53:24.751  INFO 11756 --- [localhost-startStop-1] o.s.b.w.servlet.FilterRegistrationBean   : Mapping filter: 'errorPageFilter' to: [/*]
2019-07-05 16:53:24.752  INFO 11756 --- [localhost-startStop-1] o.s.b.w.servlet.FilterRegistrationBean   : Mapping filter: 'characterEncodingFilter' to: [/*]
2019-07-05 16:53:24.752  INFO 11756 --- [localhost-startStop-1] o.s.b.w.servlet.FilterRegistrationBean   : Mapping filter: 'hiddenHttpMethodFilter' to: [/*]
2019-07-05 16:53:24.752  INFO 11756 --- [localhost-startStop-1] o.s.b.w.servlet.FilterRegistrationBean   : Mapping filter: 'httpPutFormContentFilter' to: [/*]
2019-07-05 16:53:24.752  INFO 11756 --- [localhost-startStop-1] o.s.b.w.servlet.FilterRegistrationBean   : Mapping filter: 'requestContextFilter' to: [/*]
2019-07-05 16:53:25.055  INFO 11756 --- [main] s.w.s.m.m.a.RequestMappingHandlerAdapter : Looking for @ControllerAdvice: org.springframework.boot.context.embedded.AnnotationConfigEmbeddedWebApplicationContext@3bd418e4: startup date [Fri Jul 05 16:53:18 CST 2019]; parent: org.springframework.context.annotation.AnnotationConfigApplicationContext@6ab778a
2019-07-05 16:53:25.098  INFO 11756 --- [main] s.w.s.m.m.a.RequestMappingHandlerMapping : Mapped "{[/room/lists],methods=[GET]}" onto public java.util.Map<java.lang.String, java.lang.Object> com.guojiu.RoomController.list()
2019-07-05 16:53:25.098  INFO 11756 --- [main] s.w.s.m.m.a.RequestMappingHandlerMapping : Mapped "{[/hello/say],methods=[GET]}" onto public java.lang.String com.Hello.sayHello()
2019-07-05 16:53:25.101  INFO 11756 --- [main] s.w.s.m.m.a.RequestMappingHandlerMapping : Mapped "{[/importExcel/{key}],methods=[POST]}" onto public void com.lxxx.common.poi.controller.PoiController.importExcel(java.lang.String,org.springframework.web.multipart.MultipartFile,javax.servlet.http.HttpServletRequest,javax.servlet.http.HttpServletResponse) throws java.io.IOException,java.lang.Exception
2019-07-05 16:53:25.101  INFO 11756 --- [main] s.w.s.m.m.a.RequestMappingHandlerMapping : Mapped "{[/downloadTemplate/{key}]}" onto public void com.lxxx.common.poi.controller.PoiController.downloadTemplate(java.lang.String,javax.servlet.http.HttpServletResponse) throws java.lang.Exception
2019-07-05 16:53:25.101  INFO 11756 --- [main] s.w.s.m.m.a.RequestMappingHandlerMapping : Mapped "{[/exportExcel/{key}]}" onto public void com.lxxx.common.poi.controller.PoiController.exportExcel(java.lang.String,javax.servlet.http.HttpServletRequest,javax.servlet.http.HttpServletResponse) throws java.lang.Exception
2019-07-05 16:53:25.102  INFO 11756 --- [main] s.w.s.m.m.a.RequestMappingHandlerMapping : Mapped "{[/fileDelete/{key}],methods=[POST]}" onto public com.lxxx.common.rest.BaseResponse com.lxxx.common.fileUpload.controller.FileUploadController.fileDelete(java.lang.String,java.lang.String[]) throws java.io.IOException
2019-07-05 16:53:25.102  INFO 11756 --- [main] s.w.s.m.m.a.RequestMappingHandlerMapping : Mapped "{[/fileUpload/{key}],methods=[POST]}" onto public com.lxxx.common.rest.DataResponse<java.lang.String> com.lxxx.common.fileUpload.controller.FileUploadController.fileUpload(java.lang.String,org.springframework.web.multipart.MultipartFile) throws java.io.IOException
2019-07-05 16:53:25.104  INFO 11756 --- [main] s.w.s.m.m.a.RequestMappingHandlerMapping : Mapped "{[/error]}" onto public org.springframework.http.ResponseEntity<java.util.Map<java.lang.String, java.lang.Object>> org.springframework.boot.autoconfigure.web.BasicErrorController.error(javax.servlet.http.HttpServletRequest)
2019-07-05 16:53:25.104  INFO 11756 --- [main] s.w.s.m.m.a.RequestMappingHandlerMapping : Mapped "{[/error],produces=[text/html]}" onto public org.springframework.web.servlet.ModelAndView org.springframework.boot.autoconfigure.web.BasicErrorController.errorHtml(javax.servlet.http.HttpServletRequest,javax.servlet.http.HttpServletResponse)
2019-07-05 16:53:25.125  INFO 11756 --- [main] o.s.w.s.handler.SimpleUrlHandlerMapping  : Mapped URL path [/webjars/**] onto handler of type [class org.springframework.web.servlet.resource.ResourceHttpRequestHandler]
2019-07-05 16:53:25.125  INFO 11756 --- [main] o.s.w.s.handler.SimpleUrlHandlerMapping  : Mapped URL path [/**] onto handler of type [class org.springframework.web.servlet.resource.ResourceHttpRequestHandler]
2019-07-05 16:53:25.154  INFO 11756 --- [main] o.s.w.s.handler.SimpleUrlHandlerMapping  : Mapped URL path [/**/favicon.ico] onto handler of type [class org.springframework.web.servlet.resource.ResourceHttpRequestHandler]
2019-07-05 16:53:25.490  INFO 11756 --- [main] o.s.ui.freemarker.SpringTemplateLoader   : SpringTemplateLoader for FreeMarker: using resource loader [org.springframework.boot.context.embedded.AnnotationConfigEmbeddedWebApplicationContext@3bd418e4: startup date [Fri Jul 05 16:53:18 CST 2019]; parent: org.springframework.context.annotation.AnnotationConfigApplicationContext@6ab778a] and template loader path [classpath:/templates/]
2019-07-05 16:53:25.491  INFO 11756 --- [main] o.s.w.s.v.f.FreeMarkerConfigurer         : ClassTemplateLoader for Spring macros added to FreeMarker configuration
2019-07-05 16:53:25.510  WARN 11756 --- [main] o.s.b.a.f.FreeMarkerAutoConfiguration    : Cannot find template location(s): [classpath:/templates/] (please add some templates, check your FreeMarker configuration, or set spring.freemarker.checkTemplateLocation=false)
2019-07-05 16:53:25.603  INFO 11756 --- [main] o.s.j.e.a.AnnotationMBeanExporter        : Registering beans for JMX exposure on startup
2019-07-05 16:53:25.605  INFO 11756 --- [main] o.s.j.e.a.AnnotationMBeanExporter        : Bean with name 'dataSource' has been autodetected for JMX exposure
2019-07-05 16:53:25.611  INFO 11756 --- [main] o.s.j.e.a.AnnotationMBeanExporter        : Bean with name 'configurationPropertiesRebinder' has been autodetected for JMX exposure
2019-07-05 16:53:25.612  INFO 11756 --- [main] o.s.j.e.a.AnnotationMBeanExporter        : Bean with name 'environmentManager' has been autodetected for JMX exposure
2019-07-05 16:53:25.612  INFO 11756 --- [main] o.s.j.e.a.AnnotationMBeanExporter        : Bean with name 'refreshScope' has been autodetected for JMX exposure
2019-07-05 16:53:25.614  INFO 11756 --- [main] o.s.j.e.a.AnnotationMBeanExporter        : Located managed bean 'environmentManager': registering with JMX server as MBean [org.springframework.cloud.context.environment:name=environmentManager,type=EnvironmentManager]
2019-07-05 16:53:25.623  INFO 11756 --- [main] o.s.j.e.a.AnnotationMBeanExporter        : Located managed bean 'refreshScope': registering with JMX server as MBean [org.springframework.cloud.context.scope.refresh:name=refreshScope,type=RefreshScope]
2019-07-05 16:53:25.630  INFO 11756 --- [main] o.s.j.e.a.AnnotationMBeanExporter        : Located managed bean 'configurationPropertiesRebinder': registering with JMX server as MBean [org.springframework.cloud.context.properties:name=configurationPropertiesRebinder,context=3bd418e4,type=ConfigurationPropertiesRebinder]
2019-07-05 16:53:25.635  INFO 11756 --- [main] o.s.j.e.a.AnnotationMBeanExporter        : Located MBean 'dataSource': registering with JMX server as MBean [com.alibaba.druid.pool:name=dataSource,type=DruidDataSource]
2019-07-05 16:53:25.851  INFO 11756 --- [main] s.b.c.e.t.TomcatEmbeddedServletContainer : Tomcat started on port(s): 8080 (http)
2019-07-05 16:53:25.853  INFO 11756 --- [main] com.Application                          : Started Application in 8.655 seconds (JVM running for 9.759)
2019-07-05 16:53:25.853  INFO 11756 --- [main] com.Application                          : ============SpringBoot Start Success===========
2019-07-05 16:56:06.206  INFO   --- [main] com.Application                          : ============SpringBoot Starting...=========
2019-07-05 16:56:06.744  INFO 6140 --- [main] s.c.a.AnnotationConfigApplicationContext : Refreshing org.springframework.context.annotation.AnnotationConfigApplicationContext@5e01a982: startup date [Fri Jul 05 16:56:06 CST 2019]; root of context hierarchy
2019-07-05 16:56:07.050  INFO 6140 --- [main] trationDelegate$BeanPostProcessorChecker : Bean 'configurationPropertiesRebinderAutoConfiguration' of type [class org.springframework.cloud.autoconfigure.ConfigurationPropertiesRebinderAutoConfiguration$$EnhancerBySpringCGLIB$$f4ba589] is not eligible for getting processed by all BeanPostProcessors (for example: not eligible for auto-proxying)
2019-07-05 16:56:07.358  INFO 6140 --- [main] com.Application                          : The following profiles are active: local
2019-07-05 16:56:07.376  INFO 6140 --- [main] ationConfigEmbeddedWebApplicationContext : Refreshing org.springframework.boot.context.embedded.AnnotationConfigEmbeddedWebApplicationContext@489543a6: startup date [Fri Jul 05 16:56:07 CST 2019]; parent: org.springframework.context.annotation.AnnotationConfigApplicationContext@5e01a982
2019-07-05 16:56:09.536  WARN 6140 --- [main] o.m.s.mapper.ClassPathMapperScanner      : No MyBatis mapper was found in '[com.jur.**/*.mapper, com.guojiu.**/*.mapper, com.gjbigdata.**/*.mapper]' package. Please check your configuration.
2019-07-05 16:56:12.171  WARN 6140 --- [main] o.m.s.mapper.ClassPathMapperScanner      : No MyBatis mapper was found in '[com]' package. Please check your configuration.
2019-07-05 16:56:12.304  INFO 6140 --- [main] o.s.cloud.context.scope.GenericScope     : BeanFactory id=7e725c12-109d-327d-929d-2199e24fb0cb
2019-07-05 16:56:14.017  INFO 6140 --- [main] trationDelegate$BeanPostProcessorChecker : Bean 'org.springframework.boot.autoconfigure.validation.ValidationAutoConfiguration' of type [class org.springframework.boot.autoconfigure.validation.ValidationAutoConfiguration] is not eligible for getting processed by all BeanPostProcessors (for example: not eligible for auto-proxying)
2019-07-05 16:56:14.030  INFO 6140 --- [main] trationDelegate$BeanPostProcessorChecker : Bean 'validator' of type [class org.springframework.validation.beanvalidation.LocalValidatorFactoryBean] is not eligible for getting processed by all BeanPostProcessors (for example: not eligible for auto-proxying)
2019-07-05 16:56:14.058  INFO 6140 --- [main] trationDelegate$BeanPostProcessorChecker : Bean 'org.springframework.transaction.annotation.ProxyTransactionManagementConfiguration' of type [class org.springframework.transaction.annotation.ProxyTransactionManagementConfiguration$$EnhancerBySpringCGLIB$$f331a28c] is not eligible for getting processed by all BeanPostProcessors (for example: not eligible for auto-proxying)
2019-07-05 16:56:14.091  INFO 6140 --- [main] trationDelegate$BeanPostProcessorChecker : Bean 'org.springframework.cache.annotation.ProxyCachingConfiguration' of type [class org.springframework.cache.annotation.ProxyCachingConfiguration$$EnhancerBySpringCGLIB$$3c43d8aa] is not eligible for getting processed by all BeanPostProcessors (for example: not eligible for auto-proxying)
2019-07-05 16:56:14.109  INFO 6140 --- [main] trationDelegate$BeanPostProcessorChecker : Bean 'org.springframework.boot.autoconfigure.cache.CacheAutoConfiguration' of type [class org.springframework.boot.autoconfigure.cache.CacheAutoConfiguration$$EnhancerBySpringCGLIB$$30b79d4e] is not eligible for getting processed by all BeanPostProcessors (for example: not eligible for auto-proxying)
2019-07-05 16:56:14.126  INFO 6140 --- [main] trationDelegate$BeanPostProcessorChecker : Bean 'spring.cache-org.springframework.boot.autoconfigure.cache.CacheProperties' of type [class org.springframework.boot.autoconfigure.cache.CacheProperties] is not eligible for getting processed by all BeanPostProcessors (for example: not eligible for auto-proxying)
2019-07-05 16:56:14.133  INFO 6140 --- [main] trationDelegate$BeanPostProcessorChecker : Bean 'cacheManagerCustomizers' of type [class org.springframework.boot.autoconfigure.cache.CacheManagerCustomizers] is not eligible for getting processed by all BeanPostProcessors (for example: not eligible for auto-proxying)
2019-07-05 16:56:14.139  INFO 6140 --- [main] trationDelegate$BeanPostProcessorChecker : Bean 'org.springframework.boot.autoconfigure.cache.GuavaCacheConfiguration' of type [class org.springframework.boot.autoconfigure.cache.GuavaCacheConfiguration$$EnhancerBySpringCGLIB$$8854d5eb] is not eligible for getting processed by all BeanPostProcessors (for example: not eligible for auto-proxying)
2019-07-05 16:56:14.149  INFO 6140 --- [main] trationDelegate$BeanPostProcessorChecker : Bean 'cacheManager' of type [class org.springframework.cache.guava.GuavaCacheManager] is not eligible for getting processed by all BeanPostProcessors (for example: not eligible for auto-proxying)
2019-07-05 16:56:14.150  INFO 6140 --- [main] trationDelegate$BeanPostProcessorChecker : Bean 'cacheAutoConfigurationValidator' of type [class org.springframework.boot.autoconfigure.cache.CacheAutoConfiguration$CacheManagerValidator] is not eligible for getting processed by all BeanPostProcessors (for example: not eligible for auto-proxying)
2019-07-05 16:56:14.179  INFO 6140 --- [main] trationDelegate$BeanPostProcessorChecker : Bean 'org.springframework.cloud.autoconfigure.ConfigurationPropertiesRebinderAutoConfiguration' of type [class org.springframework.cloud.autoconfigure.ConfigurationPropertiesRebinderAutoConfiguration$$EnhancerBySpringCGLIB$$f4ba589] is not eligible for getting processed by all BeanPostProcessors (for example: not eligible for auto-proxying)
2019-07-05 16:56:14.433  INFO 6140 --- [main] s.b.c.e.t.TomcatEmbeddedServletContainer : Tomcat initialized with port(s): 8080 (http)
2019-07-05 16:56:14.441  INFO 6140 --- [main] o.apache.catalina.core.StandardService   : Starting service Tomcat
2019-07-05 16:56:14.442  INFO 6140 --- [main] org.apache.catalina.core.StandardEngine  : Starting Servlet Engine: Apache Tomcat/8.5.11
2019-07-05 16:56:14.765  INFO 6140 --- [localhost-startStop-1] org.apache.jasper.servlet.TldScanner     : At least one JAR was scanned for TLDs yet contained no TLDs. Enable debug logging for this logger for a complete list of JARs that were scanned but no TLDs were found in them. Skipping unneeded JARs during scanning can improve startup time and JSP compilation time.
2019-07-05 16:56:14.769  INFO 6140 --- [localhost-startStop-1] o.a.c.c.C.[Tomcat].[localhost].[/api]    : Initializing Spring embedded WebApplicationContext
2019-07-05 16:56:14.770  INFO 6140 --- [localhost-startStop-1] o.s.web.context.ContextLoader            : Root WebApplicationContext: initialization completed in 7394 ms
2019-07-05 16:56:15.125  INFO 6140 --- [localhost-startStop-1] o.s.b.w.servlet.ServletRegistrationBean  : Mapping servlet: 'dispatcherServlet' to [/]
2019-07-05 16:56:15.131  INFO 6140 --- [localhost-startStop-1] o.s.b.w.servlet.FilterRegistrationBean   : Mapping filter: 'errorPageFilter' to: [/*]
2019-07-05 16:56:15.132  INFO 6140 --- [localhost-startStop-1] o.s.b.w.servlet.FilterRegistrationBean   : Mapping filter: 'characterEncodingFilter' to: [/*]
2019-07-05 16:56:15.132  INFO 6140 --- [localhost-startStop-1] o.s.b.w.servlet.FilterRegistrationBean   : Mapping filter: 'hiddenHttpMethodFilter' to: [/*]
2019-07-05 16:56:15.133  INFO 6140 --- [localhost-startStop-1] o.s.b.w.servlet.FilterRegistrationBean   : Mapping filter: 'httpPutFormContentFilter' to: [/*]
2019-07-05 16:56:15.133  INFO 6140 --- [localhost-startStop-1] o.s.b.w.servlet.FilterRegistrationBean   : Mapping filter: 'requestContextFilter' to: [/*]
2019-07-05 16:56:15.612  INFO 6140 --- [main] s.w.s.m.m.a.RequestMappingHandlerAdapter : Looking for @ControllerAdvice: org.springframework.boot.context.embedded.AnnotationConfigEmbeddedWebApplicationContext@489543a6: startup date [Fri Jul 05 16:56:07 CST 2019]; parent: org.springframework.context.annotation.AnnotationConfigApplicationContext@5e01a982
2019-07-05 16:56:15.676  INFO 6140 --- [main] s.w.s.m.m.a.RequestMappingHandlerMapping : Mapped "{[/room/list],methods=[GET]}" onto public java.util.Map<java.lang.String, java.lang.Object> com.guojiu.RoomController.list()
2019-07-05 16:56:15.677  INFO 6140 --- [main] s.w.s.m.m.a.RequestMappingHandlerMapping : Mapped "{[/hello/say],methods=[GET]}" onto public java.lang.String com.Hello.sayHello()
2019-07-05 16:56:15.680  INFO 6140 --- [main] s.w.s.m.m.a.RequestMappingHandlerMapping : Mapped "{[/importExcel/{key}],methods=[POST]}" onto public void com.lxxx.common.poi.controller.PoiController.importExcel(java.lang.String,org.springframework.web.multipart.MultipartFile,javax.servlet.http.HttpServletRequest,javax.servlet.http.HttpServletResponse) throws java.io.IOException,java.lang.Exception
2019-07-05 16:56:15.680  INFO 6140 --- [main] s.w.s.m.m.a.RequestMappingHandlerMapping : Mapped "{[/downloadTemplate/{key}]}" onto public void com.lxxx.common.poi.controller.PoiController.downloadTemplate(java.lang.String,javax.servlet.http.HttpServletResponse) throws java.lang.Exception
2019-07-05 16:56:15.680  INFO 6140 --- [main] s.w.s.m.m.a.RequestMappingHandlerMapping : Mapped "{[/exportExcel/{key}]}" onto public void com.lxxx.common.poi.controller.PoiController.exportExcel(java.lang.String,javax.servlet.http.HttpServletRequest,javax.servlet.http.HttpServletResponse) throws java.lang.Exception
2019-07-05 16:56:15.681  INFO 6140 --- [main] s.w.s.m.m.a.RequestMappingHandlerMapping : Mapped "{[/fileDelete/{key}],methods=[POST]}" onto public com.lxxx.common.rest.BaseResponse com.lxxx.common.fileUpload.controller.FileUploadController.fileDelete(java.lang.String,java.lang.String[]) throws java.io.IOException
2019-07-05 16:56:15.682  INFO 6140 --- [main] s.w.s.m.m.a.RequestMappingHandlerMapping : Mapped "{[/fileUpload/{key}],methods=[POST]}" onto public com.lxxx.common.rest.DataResponse<java.lang.String> com.lxxx.common.fileUpload.controller.FileUploadController.fileUpload(java.lang.String,org.springframework.web.multipart.MultipartFile) throws java.io.IOException
2019-07-05 16:56:15.683  INFO 6140 --- [main] s.w.s.m.m.a.RequestMappingHandlerMapping : Mapped "{[/error]}" onto public org.springframework.http.ResponseEntity<java.util.Map<java.lang.String, java.lang.Object>> org.springframework.boot.autoconfigure.web.BasicErrorController.error(javax.servlet.http.HttpServletRequest)
2019-07-05 16:56:15.684  INFO 6140 --- [main] s.w.s.m.m.a.RequestMappingHandlerMapping : Mapped "{[/error],produces=[text/html]}" onto public org.springframework.web.servlet.ModelAndView org.springframework.boot.autoconfigure.web.BasicErrorController.errorHtml(javax.servlet.http.HttpServletRequest,javax.servlet.http.HttpServletResponse)
2019-07-05 16:56:15.717  INFO 6140 --- [main] o.s.w.s.handler.SimpleUrlHandlerMapping  : Mapped URL path [/webjars/**] onto handler of type [class org.springframework.web.servlet.resource.ResourceHttpRequestHandler]
2019-07-05 16:56:15.718  INFO 6140 --- [main] o.s.w.s.handler.SimpleUrlHandlerMapping  : Mapped URL path [/**] onto handler of type [class org.springframework.web.servlet.resource.ResourceHttpRequestHandler]
2019-07-05 16:56:15.762  INFO 6140 --- [main] o.s.w.s.handler.SimpleUrlHandlerMapping  : Mapped URL path [/**/favicon.ico] onto handler of type [class org.springframework.web.servlet.resource.ResourceHttpRequestHandler]
2019-07-05 16:56:16.239  INFO 6140 --- [main] o.s.ui.freemarker.SpringTemplateLoader   : SpringTemplateLoader for FreeMarker: using resource loader [org.springframework.boot.context.embedded.AnnotationConfigEmbeddedWebApplicationContext@489543a6: startup date [Fri Jul 05 16:56:07 CST 2019]; parent: org.springframework.context.annotation.AnnotationConfigApplicationContext@5e01a982] and template loader path [classpath:/templates/]
2019-07-05 16:56:16.322  INFO 6140 --- [main] o.s.w.s.v.f.FreeMarkerConfigurer         : ClassTemplateLoader for Spring macros added to FreeMarker configuration
2019-07-05 16:56:16.347  WARN 6140 --- [main] o.s.b.a.f.FreeMarkerAutoConfiguration    : Cannot find template location(s): [classpath:/templates/] (please add some templates, check your FreeMarker configuration, or set spring.freemarker.checkTemplateLocation=false)
2019-07-05 16:56:16.601  INFO 6140 --- [main] o.s.j.e.a.AnnotationMBeanExporter        : Registering beans for JMX exposure on startup
2019-07-05 16:56:16.603  INFO 6140 --- [main] o.s.j.e.a.AnnotationMBeanExporter        : Bean with name 'dataSource' has been autodetected for JMX exposure
2019-07-05 16:56:16.610  INFO 6140 --- [main] o.s.j.e.a.AnnotationMBeanExporter        : Bean with name 'configurationPropertiesRebinder' has been autodetected for JMX exposure
2019-07-05 16:56:16.611  INFO 6140 --- [main] o.s.j.e.a.AnnotationMBeanExporter        : Bean with name 'environmentManager' has been autodetected for JMX exposure
2019-07-05 16:56:16.611  INFO 6140 --- [main] o.s.j.e.a.AnnotationMBeanExporter        : Bean with name 'refreshScope' has been autodetected for JMX exposure
2019-07-05 16:56:16.613  INFO 6140 --- [main] o.s.j.e.a.AnnotationMBeanExporter        : Located managed bean 'environmentManager': registering with JMX server as MBean [org.springframework.cloud.context.environment:name=environmentManager,type=EnvironmentManager]
2019-07-05 16:56:16.625  INFO 6140 --- [main] o.s.j.e.a.AnnotationMBeanExporter        : Located managed bean 'refreshScope': registering with JMX server as MBean [org.springframework.cloud.context.scope.refresh:name=refreshScope,type=RefreshScope]
2019-07-05 16:56:16.635  INFO 6140 --- [main] o.s.j.e.a.AnnotationMBeanExporter        : Located managed bean 'configurationPropertiesRebinder': registering with JMX server as MBean [org.springframework.cloud.context.properties:name=configurationPropertiesRebinder,context=489543a6,type=ConfigurationPropertiesRebinder]
2019-07-05 16:56:16.641  INFO 6140 --- [main] o.s.j.e.a.AnnotationMBeanExporter        : Located MBean 'dataSource': registering with JMX server as MBean [com.alibaba.druid.pool:name=dataSource,type=DruidDataSource]
2019-07-05 16:56:16.783  INFO 6140 --- [main] s.b.c.e.t.TomcatEmbeddedServletContainer : Tomcat started on port(s): 8080 (http)
2019-07-05 16:56:16.786  INFO 6140 --- [main] com.Application                          : Started Application in 10.448 seconds (JVM running for 12.704)
2019-07-05 16:56:16.787  INFO 6140 --- [main] com.Application                          : ============SpringBoot Start Success===========
2019-07-05 16:58:44.998  INFO 6140 --- [Thread-23] ationConfigEmbeddedWebApplicationContext : Closing org.springframework.boot.context.embedded.AnnotationConfigEmbeddedWebApplicationContext@489543a6: startup date [Fri Jul 05 16:56:07 CST 2019]; parent: org.springframework.context.annotation.AnnotationConfigApplicationContext@5e01a982
2019-07-05 16:58:45.000  INFO 6140 --- [Thread-23] o.s.j.e.a.AnnotationMBeanExporter        : Unregistering JMX-exposed beans on shutdown
2019-07-05 16:58:45.001  INFO 6140 --- [Thread-23] o.s.j.e.a.AnnotationMBeanExporter        : Unregistering JMX-exposed beans
